<?xml version="1.0" encoding="UTF-8"?>
<testsuite xmlns:xsi="http://www.w3.org/2001/XMLSchema-instance" xsi:noNamespaceSchemaLocation="https://maven.apache.org/surefire/maven-surefire-plugin/xsd/surefire-test-report-3.0.xsd" version="3.0" name="tp.mkpl.MKPLTest" time="0.053" tests="6" errors="0" skipped="0" failures="0">
  <properties>
[...]
</properties>
  <testcase name="testInvalidOperator" classname="tp.mkpl.MKPLTest" time="0.023"/>
  <testcase name="testMultiplication" classname="tp.mkpl.MKPLTest" time="0.001"/>
  <testcase name="testAddition" classname="tp.mkpl.MKPLTest" time="0.001"/>
  <testcase name="testDivisionByZero" classname="tp.mkpl.MKPLTest" time="0.002"/>
  <testcase name="testDivision" classname="tp.mkpl.MKPLTest" time="0.002"/>
  <testcase name="testSubtraction" classname="tp.mkpl.MKPLTest" time="0.002"/>
</testsuite>